{"/Users/adolfo/Desktop/Fullstack1/Fullstack2/ropaplus-sporty-style-main/src/auth/context/AuthContext.tsx": {"path":"/Users/adolfo/Desktop/Fullstack1/Fullstack2/ropaplus-sporty-style-main/src/auth/context/AuthContext.tsx","statementMap":{"0":{"start":{"line":19,"column":6},"end":{"line":19,"column":null}},"1":{"start":{"line":21,"column":28},"end":{"line":55,"column":null}},"2":{"start":{"line":22,"column":23},"end":{"line":22,"column":null}},"3":{"start":{"line":24,"column":2},"end":{"line":27,"column":null}},"4":{"start":{"line":25,"column":19},"end":{"line":25,"column":null}},"5":{"start":{"line":26,"column":4},"end":{"line":26,"column":null}},"6":{"start":{"line":26,"column":16},"end":{"line":26,"column":null}},"7":{"start":{"line":30,"column":16},"end":{"line":43,"column":null}},"8":{"start":{"line":31,"column":17},"end":{"line":34,"column":null}},"9":{"start":{"line":36,"column":4},"end":{"line":40,"column":null}},"10":{"start":{"line":37,"column":6},"end":{"line":37,"column":null}},"11":{"start":{"line":38,"column":6},"end":{"line":38,"column":null}},"12":{"start":{"line":39,"column":6},"end":{"line":39,"column":27}},"13":{"start":{"line":42,"column":4},"end":{"line":42,"column":null}},"14":{"start":{"line":45,"column":17},"end":{"line":48,"column":null}},"15":{"start":{"line":46,"column":4},"end":{"line":46,"column":null}},"16":{"start":{"line":47,"column":4},"end":{"line":47,"column":null}},"17":{"start":{"line":57,"column":23},"end":{"line":57,"column":null}}},"fnMap":{"0":{"name":"(anonymous_0)","decl":{"start":{"line":21,"column":28},"end":{"line":21,"column":29}},"loc":{"start":{"line":21,"column":66},"end":{"line":55,"column":null}},"line":21},"1":{"name":"(anonymous_1)","decl":{"start":{"line":24,"column":12},"end":{"line":24,"column":null}},"loc":{"start":{"line":24,"column":12},"end":{"line":27,"column":5}},"line":24},"2":{"name":"(anonymous_2)","decl":{"start":{"line":30,"column":16},"end":{"line":30,"column":23}},"loc":{"start":{"line":30,"column":38},"end":{"line":43,"column":null}},"line":30},"3":{"name":"(anonymous_3)","decl":{"start":{"line":45,"column":17},"end":{"line":45,"column":null}},"loc":{"start":{"line":45,"column":17},"end":{"line":48,"column":null}},"line":45},"4":{"name":"(anonymous_4)","decl":{"start":{"line":57,"column":23},"end":{"line":57,"column":29}},"loc":{"start":{"line":57,"column":23},"end":{"line":57,"column":null}},"line":57}},"branchMap":{"0":{"loc":{"start":{"line":26,"column":4},"end":{"line":26,"column":null}},"type":"if","locations":[{"start":{"line":26,"column":4},"end":{"line":26,"column":null}},{"start":{},"end":{}}],"line":26},"1":{"loc":{"start":{"line":36,"column":4},"end":{"line":40,"column":null}},"type":"if","locations":[{"start":{"line":36,"column":4},"end":{"line":40,"column":null}},{"start":{},"end":{}}],"line":36}},"s":{"0":2,"1":2,"2":8,"3":8,"4":5,"5":5,"6":1,"7":8,"8":1,"9":1,"10":1,"11":1,"12":1,"13":0,"14":8,"15":1,"16":1,"17":8},"f":{"0":8,"1":5,"2":1,"3":1,"4":8},"b":{"0":[1,4],"1":[1,0]},"meta":{"lastBranch":2,"lastFunction":5,"lastStatement":18,"seen":{"s:19:6:19:Infinity":0,"s:21:28:55:Infinity":1,"f:21:28:21:29":0,"s:22:23:22:Infinity":2,"s:24:2:27:Infinity":3,"f:24:12:24:Infinity":1,"s:25:19:25:Infinity":4,"b:26:4:26:Infinity:undefined:undefined:undefined:undefined":0,"s:26:4:26:Infinity":5,"s:26:16:26:Infinity":6,"s:30:16:43:Infinity":7,"f:30:16:30:23":2,"s:31:17:34:Infinity":8,"b:36:4:40:Infinity:undefined:undefined:undefined:undefined":1,"s:36:4:40:Infinity":9,"s:37:6:37:Infinity":10,"s:38:6:38:Infinity":11,"s:39:6:39:27":12,"s:42:4:42:Infinity":13,"s:45:17:48:Infinity":14,"f:45:17:45:Infinity":3,"s:46:4:46:Infinity":15,"s:47:4:47:Infinity":16,"s:57:23:57:Infinity":17,"f:57:23:57:29":4}}}
,"/Users/adolfo/Desktop/Fullstack1/Fullstack2/ropaplus-sporty-style-main/src/components/FeaturedProducts.tsx": {"path":"/Users/adolfo/Desktop/Fullstack1/Fullstack2/ropaplus-sporty-style-main/src/components/FeaturedProducts.tsx","statementMap":{"0":{"start":{"line":17,"column":25},"end":{"line":135,"column":null}},"1":{"start":{"line":19,"column":44},"end":{"line":22,"column":null}},"2":{"start":{"line":21,"column":13},"end":{"line":21,"column":null}},"3":{"start":{"line":25,"column":2},"end":{"line":46,"column":null}},"4":{"start":{"line":49,"column":2},"end":{"line":55,"column":null}},"5":{"start":{"line":58,"column":26},"end":{"line":58,"column":53}},"6":{"start":{"line":86,"column":39},"end":{"line":86,"column":null}}},"fnMap":{"0":{"name":"(anonymous_0)","decl":{"start":{"line":17,"column":25},"end":{"line":17,"column":null}},"loc":{"start":{"line":17,"column":25},"end":{"line":135,"column":null}},"line":17},"1":{"name":"(anonymous_1)","decl":{"start":{"line":21,"column":13},"end":{"line":21,"column":19}},"loc":{"start":{"line":21,"column":13},"end":{"line":21,"column":null}},"line":21},"2":{"name":"(anonymous_2)","decl":{"start":{"line":86,"column":31},"end":{"line":86,"column":32}},"loc":{"start":{"line":86,"column":39},"end":{"line":86,"column":null}},"line":86}},"branchMap":{"0":{"loc":{"start":{"line":25,"column":2},"end":{"line":46,"column":null}},"type":"if","locations":[{"start":{"line":25,"column":2},"end":{"line":46,"column":null}},{"start":{},"end":{}}],"line":25},"1":{"loc":{"start":{"line":49,"column":2},"end":{"line":55,"column":null}},"type":"if","locations":[{"start":{"line":49,"column":2},"end":{"line":55,"column":null}},{"start":{},"end":{}}],"line":49},"2":{"loc":{"start":{"line":58,"column":26},"end":{"line":58,"column":53}},"type":"binary-expr","locations":[{"start":{"line":58,"column":26},"end":{"line":58,"column":51}},{"start":{"line":58,"column":51},"end":{"line":58,"column":53}}],"line":58},"3":{"loc":{"start":{"line":103,"column":21},"end":{"line":103,"column":null}},"type":"binary-expr","locations":[{"start":{"line":103,"column":21},"end":{"line":103,"column":50}},{"start":{"line":103,"column":50},"end":{"line":103,"column":null}}],"line":103}},"s":{"0":1,"1":4,"2":2,"3":4,"4":2,"5":1,"6":0},"f":{"0":4,"1":2,"2":0},"b":{"0":[2,2],"1":[1,1],"2":[1,0],"3":[2,0]},"meta":{"lastBranch":4,"lastFunction":3,"lastStatement":7,"seen":{"s:17:25:135:Infinity":0,"f:17:25:17:Infinity":0,"s:19:44:22:Infinity":1,"f:21:13:21:19":1,"s:21:13:21:Infinity":2,"b:25:2:46:Infinity:undefined:undefined:undefined:undefined":0,"s:25:2:46:Infinity":3,"b:49:2:55:Infinity:undefined:undefined:undefined:undefined":1,"s:49:2:55:Infinity":4,"s:58:26:58:53":5,"b:58:26:58:51:58:51:58:53":2,"f:86:31:86:32":2,"s:86:39:86:Infinity":6,"b:103:21:103:50:103:50:103:Infinity":3}}}
,"/Users/adolfo/Desktop/Fullstack1/Fullstack2/ropaplus-sporty-style-main/src/components/ui/button.tsx": {"path":"/Users/adolfo/Desktop/Fullstack1/Fullstack2/ropaplus-sporty-style-main/src/components/ui/button.tsx","statementMap":{"0":{"start":{"line":7,"column":6},"end":{"line":30,"column":null}},"1":{"start":{"line":39,"column":15},"end":{"line":43,"column":null}},"2":{"start":{"line":41,"column":17},"end":{"line":41,"column":null}},"3":{"start":{"line":45,"column":0},"end":{"line":45,"column":null}}},"fnMap":{"0":{"name":"(anonymous_0)","decl":{"start":{"line":40,"column":2},"end":{"line":40,"column":3}},"loc":{"start":{"line":40,"column":60},"end":{"line":43,"column":null}},"line":40}},"branchMap":{"0":{"loc":{"start":{"line":40,"column":31},"end":{"line":40,"column":46}},"type":"default-arg","locations":[{"start":{"line":40,"column":41},"end":{"line":40,"column":46}}],"line":40},"1":{"loc":{"start":{"line":41,"column":17},"end":{"line":41,"column":null}},"type":"cond-expr","locations":[{"start":{"line":41,"column":27},"end":{"line":41,"column":34}},{"start":{"line":41,"column":34},"end":{"line":41,"column":null}}],"line":41}},"s":{"0":2,"1":2,"2":8,"3":2},"f":{"0":8},"b":{"0":[8],"1":[2,6]},"meta":{"lastBranch":2,"lastFunction":1,"lastStatement":4,"seen":{"s:7:6:30:Infinity":0,"s:39:15:43:Infinity":1,"f:40:2:40:3":0,"b:40:41:40:46":0,"s:41:17:41:Infinity":2,"b:41:27:41:34:41:34:41:Infinity":1,"s:45:0:45:Infinity":3}}}
,"/Users/adolfo/Desktop/Fullstack1/Fullstack2/ropaplus-sporty-style-main/src/components/ui/dropdown-menu.tsx": {"path":"/Users/adolfo/Desktop/Fullstack1/Fullstack2/ropaplus-sporty-style-main/src/components/ui/dropdown-menu.tsx","statementMap":{"0":{"start":{"line":7,"column":21},"end":{"line":7,"column":47}},"1":{"start":{"line":9,"column":28},"end":{"line":9,"column":57}},"2":{"start":{"line":11,"column":26},"end":{"line":11,"column":53}},"3":{"start":{"line":13,"column":27},"end":{"line":13,"column":55}},"4":{"start":{"line":15,"column":24},"end":{"line":15,"column":49}},"5":{"start":{"line":17,"column":31},"end":{"line":17,"column":63}},"6":{"start":{"line":38,"column":0},"end":{"line":38,"column":null}},"7":{"start":{"line":53,"column":0},"end":{"line":53,"column":null}},"8":{"start":{"line":71,"column":0},"end":{"line":71,"column":null}},"9":{"start":{"line":89,"column":0},"end":{"line":89,"column":null}},"10":{"start":{"line":112,"column":0},"end":{"line":112,"column":null}},"11":{"start":{"line":134,"column":0},"end":{"line":134,"column":null}},"12":{"start":{"line":148,"column":0},"end":{"line":148,"column":null}},"13":{"start":{"line":156,"column":0},"end":{"line":156,"column":null}},"14":{"start":{"line":158,"column":29},"end":{"line":160,"column":null}},"15":{"start":{"line":161,"column":0},"end":{"line":161,"column":null}}},"fnMap":{"0":{"name":"(anonymous_0)","decl":{"start":{"line":158,"column":29},"end":{"line":158,"column":30}},"loc":{"start":{"line":158,"column":92},"end":{"line":160,"column":null}},"line":158}},"branchMap":{"0":{"loc":{"start":{"line":29,"column":6},"end":{"line":29,"column":null}},"type":"binary-expr","locations":[{"start":{"line":29,"column":6},"end":{"line":29,"column":15}},{"start":{"line":29,"column":15},"end":{"line":29,"column":null}}],"line":29},"1":{"loc":{"start":{"line":58,"column":16},"end":{"line":58,"column":30}},"type":"default-arg","locations":[{"start":{"line":58,"column":29},"end":{"line":58,"column":30}}],"line":58},"2":{"loc":{"start":{"line":83,"column":6},"end":{"line":83,"column":null}},"type":"binary-expr","locations":[{"start":{"line":83,"column":6},"end":{"line":83,"column":15}},{"start":{"line":83,"column":15},"end":{"line":83,"column":null}}],"line":83},"3":{"loc":{"start":{"line":144,"column":55},"end":{"line":144,"column":72}},"type":"binary-expr","locations":[{"start":{"line":144,"column":55},"end":{"line":144,"column":64}},{"start":{"line":144,"column":64},"end":{"line":144,"column":72}}],"line":144}},"s":{"0":1,"1":1,"2":1,"3":1,"4":1,"5":1,"6":1,"7":1,"8":1,"9":1,"10":1,"11":1,"12":1,"13":1,"14":1,"15":1},"f":{"0":0},"b":{"0":[0,0],"1":[0],"2":[0,0],"3":[0,0]},"meta":{"lastBranch":4,"lastFunction":1,"lastStatement":16,"seen":{"s:7:21:7:47":0,"s:9:28:9:57":1,"s:11:26:11:53":2,"s:13:27:13:55":3,"s:15:24:15:49":4,"s:17:31:17:63":5,"b:29:6:29:15:29:15:29:Infinity":0,"s:38:0:38:Infinity":6,"s:53:0:53:Infinity":7,"b:58:29:58:30":1,"s:71:0:71:Infinity":8,"b:83:6:83:15:83:15:83:Infinity":2,"s:89:0:89:Infinity":9,"s:112:0:112:Infinity":10,"s:134:0:134:Infinity":11,"b:144:55:144:64:144:64:144:72":3,"s:148:0:148:Infinity":12,"s:156:0:156:Infinity":13,"s:158:29:160:Infinity":14,"f:158:29:158:30":0,"s:161:0:161:Infinity":15}}}
,"/Users/adolfo/Desktop/Fullstack1/Fullstack2/ropaplus-sporty-style-main/src/components/ui/skeleton.tsx": {"path":"/Users/adolfo/Desktop/Fullstack1/Fullstack2/ropaplus-sporty-style-main/src/components/ui/skeleton.tsx","statementMap":{},"fnMap":{"0":{"name":"Skeleton","decl":{"start":{"line":3,"column":9},"end":{"line":3,"column":18}},"loc":{"start":{"line":3,"column":79},"end":{"line":5,"column":null}},"line":3}},"branchMap":{},"s":{},"f":{"0":36},"b":{},"meta":{"lastBranch":0,"lastFunction":1,"lastStatement":0,"seen":{"f:3:9:3:18":0}}}
,"/Users/adolfo/Desktop/Fullstack1/Fullstack2/ropaplus-sporty-style-main/src/lib/api.ts": {"path":"/Users/adolfo/Desktop/Fullstack1/Fullstack2/ropaplus-sporty-style-main/src/lib/api.ts","statementMap":{"0":{"start":{"line":1,"column":23},"end":{"line":1,"column":null}},"1":{"start":{"line":4,"column":19},"end":{"line":10,"column":null}},"2":{"start":{"line":12,"column":2},"end":{"line":12,"column":null}},"3":{"start":{"line":12,"column":31},"end":{"line":12,"column":null}},"4":{"start":{"line":14,"column":2},"end":{"line":17,"column":null}},"5":{"start":{"line":15,"column":18},"end":{"line":15,"column":null}},"6":{"start":{"line":15,"column":53},"end":{"line":15,"column":null}},"7":{"start":{"line":16,"column":4},"end":{"line":16,"column":null}},"8":{"start":{"line":19,"column":2},"end":{"line":19,"column":null}}},"fnMap":{"0":{"name":"apiFetch","decl":{"start":{"line":3,"column":22},"end":{"line":3,"column":31}},"loc":{"start":{"line":3,"column":74},"end":{"line":20,"column":null}},"line":3},"1":{"name":"(anonymous_1)","decl":{"start":{"line":15,"column":46},"end":{"line":15,"column":53}},"loc":{"start":{"line":15,"column":53},"end":{"line":15,"column":null}},"line":15}},"branchMap":{"0":{"loc":{"start":{"line":3,"column":49},"end":{"line":3,"column":74}},"type":"default-arg","locations":[{"start":{"line":3,"column":72},"end":{"line":3,"column":74}}],"line":3},"1":{"loc":{"start":{"line":12,"column":2},"end":{"line":12,"column":null}},"type":"if","locations":[{"start":{"line":12,"column":2},"end":{"line":12,"column":null}},{"start":{},"end":{}}],"line":12},"2":{"loc":{"start":{"line":14,"column":2},"end":{"line":17,"column":null}},"type":"if","locations":[{"start":{"line":14,"column":2},"end":{"line":17,"column":null}},{"start":{},"end":{}}],"line":14},"3":{"loc":{"start":{"line":16,"column":20},"end":{"line":16,"column":null}},"type":"binary-expr","locations":[{"start":{"line":16,"column":20},"end":{"line":16,"column":33}},{"start":{"line":16,"column":37},"end":{"line":16,"column":null}}],"line":16}},"s":{"0":4,"1":3,"2":3,"3":1,"4":2,"5":1,"6":0,"7":1,"8":1},"f":{"0":3,"1":0},"b":{"0":[3],"1":[1,2],"2":[1,1],"3":[1,0]},"meta":{"lastBranch":4,"lastFunction":2,"lastStatement":9,"seen":{"s:1:23:1:Infinity":0,"f:3:22:3:31":0,"b:3:72:3:74":0,"s:4:19:10:Infinity":1,"b:12:2:12:Infinity:undefined:undefined:undefined:undefined":1,"s:12:2:12:Infinity":2,"s:12:31:12:Infinity":3,"b:14:2:17:Infinity:undefined:undefined:undefined:undefined":2,"s:14:2:17:Infinity":4,"s:15:18:15:Infinity":5,"f:15:46:15:53":1,"s:15:53:15:Infinity":6,"s:16:4:16:Infinity":7,"b:16:20:16:33:16:37:16:Infinity":3,"s:19:2:19:Infinity":8}}}
,"/Users/adolfo/Desktop/Fullstack1/Fullstack2/ropaplus-sporty-style-main/src/lib/utils.ts": {"path":"/Users/adolfo/Desktop/Fullstack1/Fullstack2/ropaplus-sporty-style-main/src/lib/utils.ts","statementMap":{"0":{"start":{"line":5,"column":2},"end":{"line":5,"column":null}},"1":{"start":{"line":7,"column":30},"end":{"line":13,"column":null}},"2":{"start":{"line":8,"column":2},"end":{"line":12,"column":null}}},"fnMap":{"0":{"name":"cn","decl":{"start":{"line":4,"column":16},"end":{"line":4,"column":19}},"loc":{"start":{"line":4,"column":42},"end":{"line":6,"column":null}},"line":4},"1":{"name":"(anonymous_1)","decl":{"start":{"line":7,"column":30},"end":{"line":7,"column":31}},"loc":{"start":{"line":7,"column":31},"end":{"line":13,"column":null}},"line":7}},"branchMap":{},"s":{"0":44,"1":2,"2":2},"f":{"0":44,"1":2},"b":{},"meta":{"lastBranch":0,"lastFunction":2,"lastStatement":3,"seen":{"f:4:16:4:19":0,"s:5:2:5:Infinity":0,"s:7:30:13:Infinity":1,"f:7:30:7:31":1,"s:8:2:12:Infinity":2}}}
,"/Users/adolfo/Desktop/Fullstack1/Fullstack2/ropaplus-sporty-style-main/src/shop/layouts/Navbar.tsx": {"path":"/Users/adolfo/Desktop/Fullstack1/Fullstack2/ropaplus-sporty-style-main/src/shop/layouts/Navbar.tsx","statementMap":{"0":{"start":{"line":14,"column":15},"end":{"line":106,"column":null}},"1":{"start":{"line":15,"column":41},"end":{"line":15,"column":null}}},"fnMap":{"0":{"name":"(anonymous_0)","decl":{"start":{"line":14,"column":15},"end":{"line":14,"column":null}},"loc":{"start":{"line":14,"column":15},"end":{"line":106,"column":null}},"line":14}},"branchMap":{"0":{"loc":{"start":{"line":48,"column":13},"end":{"line":48,"column":null}},"type":"binary-expr","locations":[{"start":{"line":48,"column":13},"end":{"line":48,"column":32}},{"start":{"line":48,"column":32},"end":{"line":48,"column":null}}],"line":48}},"s":{"0":1,"1":2},"f":{"0":2},"b":{"0":[2,0]},"meta":{"lastBranch":1,"lastFunction":1,"lastStatement":2,"seen":{"s:14:15:106:Infinity":0,"f:14:15:14:Infinity":0,"s:15:41:15:Infinity":1,"b:48:13:48:32:48:32:48:Infinity":0}}}
}
